Start testing: Nov 12 15:52 +07
----------------------------------------------------------
1/9 Testing: ArrayListTest
1/9 Test: ArrayListTest
Command: "/mnt/c/Users/tvkain/Desktop/project-1.2-2/libs/build/test/array_list_test"
Directory: /mnt/c/Users/tvkain/Desktop/project-1.2-2/libs/build
"ArrayListTest" start time: Nov 12 15:52 +07
Output:
----------------------------------------------------------
9 8 2 1 
1 2 3 4 
5 6 7 8 

123
<end of output>
Test time =   0.02 sec
----------------------------------------------------------
Test Passed.
"ArrayListTest" end time: Nov 12 15:52 +07
"ArrayListTest" time elapsed: 00:00:00
----------------------------------------------------------

2/9 Testing: InsertionSortTest
2/9 Test: InsertionSortTest
Command: "/mnt/c/Users/tvkain/Desktop/project-1.2-2/libs/build/test/insertion_sort_test"
Directory: /mnt/c/Users/tvkain/Desktop/project-1.2-2/libs/build
"InsertionSortTest" start time: Nov 12 15:52 +07
Output:
----------------------------------------------------------
<end of output>
Test time =   0.01 sec
----------------------------------------------------------
Test Passed.
"InsertionSortTest" end time: Nov 12 15:52 +07
"InsertionSortTest" time elapsed: 00:00:00
----------------------------------------------------------

3/9 Testing: MergeSortTest
3/9 Test: MergeSortTest
Command: "/mnt/c/Users/tvkain/Desktop/project-1.2-2/libs/build/test/merge_sort_test"
Directory: /mnt/c/Users/tvkain/Desktop/project-1.2-2/libs/build
"MergeSortTest" start time: Nov 12 15:52 +07
Output:
----------------------------------------------------------
<end of output>
Test time =   0.01 sec
----------------------------------------------------------
Test Passed.
"MergeSortTest" end time: Nov 12 15:52 +07
"MergeSortTest" time elapsed: 00:00:00
----------------------------------------------------------

4/9 Testing: BubbleSortTest
4/9 Test: BubbleSortTest
Command: "/mnt/c/Users/tvkain/Desktop/project-1.2-2/libs/build/test/bubble_sort_test"
Directory: /mnt/c/Users/tvkain/Desktop/project-1.2-2/libs/build
"BubbleSortTest" start time: Nov 12 15:52 +07
Output:
----------------------------------------------------------
<end of output>
Test time =   0.01 sec
----------------------------------------------------------
Test Passed.
"BubbleSortTest" end time: Nov 12 15:52 +07
"BubbleSortTest" time elapsed: 00:00:00
----------------------------------------------------------

5/9 Testing: HeapSortTest
5/9 Test: HeapSortTest
Command: "/mnt/c/Users/tvkain/Desktop/project-1.2-2/libs/build/test/heap_sort_test"
Directory: /mnt/c/Users/tvkain/Desktop/project-1.2-2/libs/build
"HeapSortTest" start time: Nov 12 15:52 +07
Output:
----------------------------------------------------------
<end of output>
Test time =   0.01 sec
----------------------------------------------------------
Test Passed.
"HeapSortTest" end time: Nov 12 15:52 +07
"HeapSortTest" time elapsed: 00:00:00
----------------------------------------------------------

6/9 Testing: QuickSortTest
6/9 Test: QuickSortTest
Command: "/mnt/c/Users/tvkain/Desktop/project-1.2-2/libs/build/test/quick_sort_test"
Directory: /mnt/c/Users/tvkain/Desktop/project-1.2-2/libs/build
"QuickSortTest" start time: Nov 12 15:52 +07
Output:
----------------------------------------------------------
<end of output>
Test time =   0.01 sec
----------------------------------------------------------
Test Passed.
"QuickSortTest" end time: Nov 12 15:52 +07
"QuickSortTest" time elapsed: 00:00:00
----------------------------------------------------------

7/9 Testing: PriorityQueueTest
7/9 Test: PriorityQueueTest
Command: "/mnt/c/Users/tvkain/Desktop/project-1.2-2/libs/build/test/priority_queue_test"
Directory: /mnt/c/Users/tvkain/Desktop/project-1.2-2/libs/build
"PriorityQueueTest" start time: Nov 12 15:52 +07
Output:
----------------------------------------------------------
1000
<end of output>
Test time =   0.01 sec
----------------------------------------------------------
Test Passed.
"PriorityQueueTest" end time: Nov 12 15:52 +07
"PriorityQueueTest" time elapsed: 00:00:00
----------------------------------------------------------

8/9 Testing: HeapTest
8/9 Test: HeapTest
Command: "/mnt/c/Users/tvkain/Desktop/project-1.2-2/libs/build/test/heap_test"
Directory: /mnt/c/Users/tvkain/Desktop/project-1.2-2/libs/build
"HeapTest" start time: Nov 12 15:52 +07
Output:
----------------------------------------------------------
<end of output>
Test time =   0.02 sec
----------------------------------------------------------
Test Passed.
"HeapTest" end time: Nov 12 15:52 +07
"HeapTest" time elapsed: 00:00:00
----------------------------------------------------------

9/9 Testing: UndirectedGraphTest
9/9 Test: UndirectedGraphTest
Command: "/mnt/c/Users/tvkain/Desktop/project-1.2-2/libs/build/test/undirected_graph_test"
Directory: /mnt/c/Users/tvkain/Desktop/project-1.2-2/libs/build
"UndirectedGraphTest" start time: Nov 12 15:52 +07
Output:
----------------------------------------------------------
0 4 8 2 3 
4 0 0 6 5 
8 0 0 2 1 
2 6 2 0 6 
3 5 1 6 0 

0 4 0 2 0 
4 0 0 0 0 
0 0 0 2 1 
2 0 2 0 0 
0 0 1 0 0 

9
<end of output>
Test time =   0.02 sec
----------------------------------------------------------
Test Passed.
"UndirectedGraphTest" end time: Nov 12 15:52 +07
"UndirectedGraphTest" time elapsed: 00:00:00
----------------------------------------------------------

End testing: Nov 12 15:52 +07
