Start testing: Nov 01 10:36 +07
----------------------------------------------------------
1/3 Testing: ArrayListTest
1/3 Test: ArrayListTest
Command: "/mnt/c/Users/tvkain/Desktop/project-1/libs/build/test/array_list_test"
Directory: /mnt/c/Users/tvkain/Desktop/project-1/libs/build
"ArrayListTest" start time: Nov 01 10:36 +07
Output:
----------------------------------------------------------
<end of output>
Test time =   0.01 sec
----------------------------------------------------------
Test Passed.
"ArrayListTest" end time: Nov 01 10:36 +07
"ArrayListTest" time elapsed: 00:00:00
----------------------------------------------------------

2/3 Testing: InsertionSortTest
2/3 Test: InsertionSortTest
Command: "/mnt/c/Users/tvkain/Desktop/project-1/libs/build/test/insertion_sort_test"
Directory: /mnt/c/Users/tvkain/Desktop/project-1/libs/build
"InsertionSortTest" start time: Nov 01 10:36 +07
Output:
----------------------------------------------------------
<end of output>
Test time =   0.01 sec
----------------------------------------------------------
Test Passed.
"InsertionSortTest" end time: Nov 01 10:36 +07
"InsertionSortTest" time elapsed: 00:00:00
----------------------------------------------------------

3/3 Testing: MergeSortTest
3/3 Test: MergeSortTest
Command: "/mnt/c/Users/tvkain/Desktop/project-1/libs/build/test/merge_sort_test"
Directory: /mnt/c/Users/tvkain/Desktop/project-1/libs/build
"MergeSortTest" start time: Nov 01 10:36 +07
Output:
----------------------------------------------------------
<end of output>
Test time =   0.01 sec
----------------------------------------------------------
Test Passed.
"MergeSortTest" end time: Nov 01 10:36 +07
"MergeSortTest" time elapsed: 00:00:00
----------------------------------------------------------

End testing: Nov 01 10:36 +07
